2024-11-10 00:19:49,093 - INFO - Uploaded: /Users/kelvin/Library/CloudStorage/OneDrive-AshesiUniversity/ASHESI/3RD YEAR/SEM 1/Web Technologies/labs/lab 5/composer.lock -> /public_html/lab/composer.lock
2024-11-10 00:19:49,274 - INFO - Uploaded: /Users/kelvin/Library/CloudStorage/OneDrive-AshesiUniversity/ASHESI/3RD YEAR/SEM 1/Web Technologies/labs/lab 5/home.html -> /public_html/lab/home.html
2024-11-10 00:19:49,438 - INFO - Uploaded: /Users/kelvin/Library/CloudStorage/OneDrive-AshesiUniversity/ASHESI/3RD YEAR/SEM 1/Web Technologies/labs/lab 5/.DS_Store -> /public_html/lab/.DS_Store
2024-11-10 00:19:49,595 - INFO - Uploaded: /Users/kelvin/Library/CloudStorage/OneDrive-AshesiUniversity/ASHESI/3RD YEAR/SEM 1/Web Technologies/labs/lab 5/register.html -> /public_html/lab/register.html
2024-11-10 00:19:49,782 - INFO - Uploaded: /Users/kelvin/Library/CloudStorage/OneDrive-AshesiUniversity/ASHESI/3RD YEAR/SEM 1/Web Technologies/labs/lab 5/login.html -> /public_html/lab/login.html
2024-11-10 00:19:49,929 - INFO - Uploaded: /Users/kelvin/Library/CloudStorage/OneDrive-AshesiUniversity/ASHESI/3RD YEAR/SEM 1/Web Technologies/labs/lab 5/dashboard.html -> /public_html/lab/dashboard.html
2024-11-10 00:19:50,094 - INFO - Uploaded: /Users/kelvin/Library/CloudStorage/OneDrive-AshesiUniversity/ASHESI/3RD YEAR/SEM 1/Web Technologies/labs/lab 5/odd.html -> /public_html/lab/odd.html
2024-11-10 00:19:50,250 - INFO - Uploaded: /Users/kelvin/Library/CloudStorage/OneDrive-AshesiUniversity/ASHESI/3RD YEAR/SEM 1/Web Technologies/labs/lab 5/recipe_feed.html -> /public_html/lab/recipe_feed.html
2024-11-10 00:19:50,408 - INFO - Uploaded: /Users/kelvin/Library/CloudStorage/OneDrive-AshesiUniversity/ASHESI/3RD YEAR/SEM 1/Web Technologies/labs/lab 5/users.html -> /public_html/lab/users.html
2024-11-10 00:19:50,541 - INFO - Uploaded: /Users/kelvin/Library/CloudStorage/OneDrive-AshesiUniversity/ASHESI/3RD YEAR/SEM 1/Web Technologies/labs/lab 5/.gitignore -> /public_html/lab/.gitignore
2024-11-10 00:19:50,697 - INFO - Uploaded: /Users/kelvin/Library/CloudStorage/OneDrive-AshesiUniversity/ASHESI/3RD YEAR/SEM 1/Web Technologies/labs/lab 5/.env -> /public_html/lab/.env
2024-11-10 00:19:50,909 - INFO - Uploaded: /Users/kelvin/Library/CloudStorage/OneDrive-AshesiUniversity/ASHESI/3RD YEAR/SEM 1/Web Technologies/labs/lab 5/Project Setup Guide.pdf -> /public_html/lab/Project Setup Guide.pdf
2024-11-10 00:19:51,413 - INFO - Uploaded: /Users/kelvin/Library/CloudStorage/OneDrive-AshesiUniversity/ASHESI/3RD YEAR/SEM 1/Web Technologies/labs/lab 5/Backend 1 - Lab 5.pdf -> /public_html/lab/Backend 1 - Lab 5.pdf
2024-11-10 00:19:51,579 - INFO - Uploaded: /Users/kelvin/Library/CloudStorage/OneDrive-AshesiUniversity/ASHESI/3RD YEAR/SEM 1/Web Technologies/labs/lab 5/updated_recipe_sharing.sql -> /public_html/lab/updated_recipe_sharing.sql
2024-11-10 00:19:51,757 - INFO - Uploaded: /Users/kelvin/Library/CloudStorage/OneDrive-AshesiUniversity/ASHESI/3RD YEAR/SEM 1/Web Technologies/labs/lab 5/composer.json -> /public_html/lab/composer.json
2024-11-10 00:19:51,928 - INFO - Uploaded: /Users/kelvin/Library/CloudStorage/OneDrive-AshesiUniversity/ASHESI/3RD YEAR/SEM 1/Web Technologies/labs/lab 5/recipes.html -> /public_html/lab/recipes.html
2024-11-10 00:19:52,104 - INFO - Uploaded: /Users/kelvin/Library/CloudStorage/OneDrive-AshesiUniversity/ASHESI/3RD YEAR/SEM 1/Web Technologies/labs/lab 5/css/styles-landing.css -> /public_html/lab/css/styles-landing.css
2024-11-10 00:19:52,283 - INFO - Uploaded: /Users/kelvin/Library/CloudStorage/OneDrive-AshesiUniversity/ASHESI/3RD YEAR/SEM 1/Web Technologies/labs/lab 5/css/styles-login.css -> /public_html/lab/css/styles-login.css
2024-11-10 00:19:52,442 - INFO - Uploaded: /Users/kelvin/Library/CloudStorage/OneDrive-AshesiUniversity/ASHESI/3RD YEAR/SEM 1/Web Technologies/labs/lab 5/css/styles-feed.css -> /public_html/lab/css/styles-feed.css
2024-11-10 00:19:52,632 - INFO - Uploaded: /Users/kelvin/Library/CloudStorage/OneDrive-AshesiUniversity/ASHESI/3RD YEAR/SEM 1/Web Technologies/labs/lab 5/css/styles-dashboard.css -> /public_html/lab/css/styles-dashboard.css
2024-11-10 00:19:52,771 - INFO - Uploaded: /Users/kelvin/Library/CloudStorage/OneDrive-AshesiUniversity/ASHESI/3RD YEAR/SEM 1/Web Technologies/labs/lab 5/css/styles-users.css -> /public_html/lab/css/styles-users.css
2024-11-10 00:19:52,943 - INFO - Uploaded: /Users/kelvin/Library/CloudStorage/OneDrive-AshesiUniversity/ASHESI/3RD YEAR/SEM 1/Web Technologies/labs/lab 5/css/styles-signup.css -> /public_html/lab/css/styles-signup.css
2024-11-10 00:19:53,338 - INFO - Uploaded: /Users/kelvin/Library/CloudStorage/OneDrive-AshesiUniversity/ASHESI/3RD YEAR/SEM 1/Web Technologies/labs/lab 5/css/styles-recipes.css -> /public_html/lab/css/styles-recipes.css
2024-11-10 00:19:53,486 - INFO - Uploaded: /Users/kelvin/Library/CloudStorage/OneDrive-AshesiUniversity/ASHESI/3RD YEAR/SEM 1/Web Technologies/labs/lab 5/js/script-users.js -> /public_html/lab/js/script-users.js
2024-11-10 00:19:53,680 - INFO - Uploaded: /Users/kelvin/Library/CloudStorage/OneDrive-AshesiUniversity/ASHESI/3RD YEAR/SEM 1/Web Technologies/labs/lab 5/js/script-recipes.js -> /public_html/lab/js/script-recipes.js
2024-11-10 00:19:53,861 - INFO - Uploaded: /Users/kelvin/Library/CloudStorage/OneDrive-AshesiUniversity/ASHESI/3RD YEAR/SEM 1/Web Technologies/labs/lab 5/js/.DS_Store -> /public_html/lab/js/.DS_Store
2024-11-10 00:19:54,026 - INFO - Uploaded: /Users/kelvin/Library/CloudStorage/OneDrive-AshesiUniversity/ASHESI/3RD YEAR/SEM 1/Web Technologies/labs/lab 5/js/script-signup.js -> /public_html/lab/js/script-signup.js
2024-11-10 00:19:54,189 - INFO - Uploaded: /Users/kelvin/Library/CloudStorage/OneDrive-AshesiUniversity/ASHESI/3RD YEAR/SEM 1/Web Technologies/labs/lab 5/js/dashboard.js -> /public_html/lab/js/dashboard.js
2024-11-10 00:19:54,380 - INFO - Uploaded: /Users/kelvin/Library/CloudStorage/OneDrive-AshesiUniversity/ASHESI/3RD YEAR/SEM 1/Web Technologies/labs/lab 5/js/script-login.js -> /public_html/lab/js/script-login.js
2024-11-10 00:19:54,564 - INFO - Uploaded: /Users/kelvin/Library/CloudStorage/OneDrive-AshesiUniversity/ASHESI/3RD YEAR/SEM 1/Web Technologies/labs/lab 5/php/login.php -> /public_html/lab/php/login.php
2024-11-10 00:19:54,774 - INFO - Uploaded: /Users/kelvin/Library/CloudStorage/OneDrive-AshesiUniversity/ASHESI/3RD YEAR/SEM 1/Web Technologies/labs/lab 5/php/deleteUser.php -> /public_html/lab/php/deleteUser.php
2024-11-10 00:19:54,948 - INFO - Uploaded: /Users/kelvin/Library/CloudStorage/OneDrive-AshesiUniversity/ASHESI/3RD YEAR/SEM 1/Web Technologies/labs/lab 5/php/dashboard.php -> /public_html/lab/php/dashboard.php
2024-11-10 00:19:55,132 - INFO - Uploaded: /Users/kelvin/Library/CloudStorage/OneDrive-AshesiUniversity/ASHESI/3RD YEAR/SEM 1/Web Technologies/labs/lab 5/php/register.php -> /public_html/lab/php/register.php
2024-11-10 00:19:55,294 - INFO - Uploaded: /Users/kelvin/Library/CloudStorage/OneDrive-AshesiUniversity/ASHESI/3RD YEAR/SEM 1/Web Technologies/labs/lab 5/php/config.php -> /public_html/lab/php/config.php
2024-11-10 00:19:56,436 - INFO - Uploaded: /Users/kelvin/Library/CloudStorage/OneDrive-AshesiUniversity/ASHESI/3RD YEAR/SEM 1/Web Technologies/labs/lab 5/php/users.php -> /public_html/lab/php/users.php
2024-11-10 00:19:56,577 - INFO - Uploaded: /Users/kelvin/Library/CloudStorage/OneDrive-AshesiUniversity/ASHESI/3RD YEAR/SEM 1/Web Technologies/labs/lab 5/php/updateName.php -> /public_html/lab/php/updateName.php
2024-11-10 00:19:56,724 - INFO - Uploaded: /Users/kelvin/Library/CloudStorage/OneDrive-AshesiUniversity/ASHESI/3RD YEAR/SEM 1/Web Technologies/labs/lab 5/inspo/.DS_Store -> /public_html/lab/inspo/.DS_Store
2024-11-10 00:19:57,814 - INFO - Uploaded: /Users/kelvin/Library/CloudStorage/OneDrive-AshesiUniversity/ASHESI/3RD YEAR/SEM 1/Web Technologies/labs/lab 5/inspo/admin-dashboard-example4.png -> /public_html/lab/inspo/admin-dashboard-example4.png
2024-11-10 00:19:58,853 - INFO - Uploaded: /Users/kelvin/Library/CloudStorage/OneDrive-AshesiUniversity/ASHESI/3RD YEAR/SEM 1/Web Technologies/labs/lab 5/inspo/admin-dashboard-example2.png -> /public_html/lab/inspo/admin-dashboard-example2.png
2024-11-10 00:19:59,225 - INFO - Uploaded: /Users/kelvin/Library/CloudStorage/OneDrive-AshesiUniversity/ASHESI/3RD YEAR/SEM 1/Web Technologies/labs/lab 5/inspo/admin-dashboard-example3.png -> /public_html/lab/inspo/admin-dashboard-example3.png
2024-11-10 00:20:00,477 - INFO - Uploaded: /Users/kelvin/Library/CloudStorage/OneDrive-AshesiUniversity/ASHESI/3RD YEAR/SEM 1/Web Technologies/labs/lab 5/inspo/admin-dashboard-example1.png -> /public_html/lab/inspo/admin-dashboard-example1.png
2024-11-10 00:20:00,757 - INFO - Uploaded: /Users/kelvin/Library/CloudStorage/OneDrive-AshesiUniversity/ASHESI/3RD YEAR/SEM 1/Web Technologies/labs/lab 5/assets/.DS_Store -> /public_html/lab/assets/.DS_Store
2024-11-10 00:20:01,036 - INFO - Uploaded: /Users/kelvin/Library/CloudStorage/OneDrive-AshesiUniversity/ASHESI/3RD YEAR/SEM 1/Web Technologies/labs/lab 5/assets/sallysbakingaddiction2.png -> /public_html/lab/assets/sallysbakingaddiction2.png
2024-11-10 00:20:03,315 - INFO - Uploaded: /Users/kelvin/Library/CloudStorage/OneDrive-AshesiUniversity/ASHESI/3RD YEAR/SEM 1/Web Technologies/labs/lab 5/assets/signup-bg.png -> /public_html/lab/assets/signup-bg.png
2024-11-10 00:20:03,531 - INFO - Uploaded: /Users/kelvin/Library/CloudStorage/OneDrive-AshesiUniversity/ASHESI/3RD YEAR/SEM 1/Web Technologies/labs/lab 5/assets/sally-mckenney-1.jpg -> /public_html/lab/assets/sally-mckenney-1.jpg
2024-11-10 00:20:03,753 - INFO - Uploaded: /Users/kelvin/Library/CloudStorage/OneDrive-AshesiUniversity/ASHESI/3RD YEAR/SEM 1/Web Technologies/labs/lab 5/assets/sallysbakingaddiction.png -> /public_html/lab/assets/sallysbakingaddiction.png
2024-11-10 00:20:03,967 - INFO - Uploaded: /Users/kelvin/Library/CloudStorage/OneDrive-AshesiUniversity/ASHESI/3RD YEAR/SEM 1/Web Technologies/labs/lab 5/assets/recipes/bourbon-sweet-potato-pie-with-marshmallow-topping-600x900.jpg -> /public_html/lab/assets/recipes/bourbon-sweet-potato-pie-with-marshmallow-topping-600x900.jpg
2024-11-10 00:20:04,223 - INFO - Uploaded: /Users/kelvin/Library/CloudStorage/OneDrive-AshesiUniversity/ASHESI/3RD YEAR/SEM 1/Web Technologies/labs/lab 5/assets/recipes/lemon-blueberry-tart-shortbread-crust-600x900.webp -> /public_html/lab/assets/recipes/lemon-blueberry-tart-shortbread-crust-600x900.webp
2024-11-10 00:20:04,486 - INFO - Uploaded: /Users/kelvin/Library/CloudStorage/OneDrive-AshesiUniversity/ASHESI/3RD YEAR/SEM 1/Web Technologies/labs/lab 5/assets/recipes/scone-varieties-600x900.webp -> /public_html/lab/assets/recipes/scone-varieties-600x900.webp
2024-11-10 00:20:04,710 - INFO - Uploaded: /Users/kelvin/Library/CloudStorage/OneDrive-AshesiUniversity/ASHESI/3RD YEAR/SEM 1/Web Technologies/labs/lab 5/assets/recipes/triple-chocolate-cake-4-600x900.jpg -> /public_html/lab/assets/recipes/triple-chocolate-cake-4-600x900.jpg
2024-11-10 00:20:04,999 - INFO - Uploaded: /Users/kelvin/Library/CloudStorage/OneDrive-AshesiUniversity/ASHESI/3RD YEAR/SEM 1/Web Technologies/labs/lab 5/assets/recipes/sugar-cookies-600x900.webp -> /public_html/lab/assets/recipes/sugar-cookies-600x900.webp
2024-11-10 00:20:05,162 - INFO - Uploaded: /Users/kelvin/Library/CloudStorage/OneDrive-AshesiUniversity/ASHESI/3RD YEAR/SEM 1/Web Technologies/labs/lab 5/vendor/autoload.php -> /public_html/lab/vendor/autoload.php
2024-11-10 00:20:05,355 - INFO - Uploaded: /Users/kelvin/Library/CloudStorage/OneDrive-AshesiUniversity/ASHESI/3RD YEAR/SEM 1/Web Technologies/labs/lab 5/vendor/phpoption/phpoption/LICENSE -> /public_html/lab/vendor/phpoption/phpoption/LICENSE
2024-11-10 00:20:05,536 - INFO - Uploaded: /Users/kelvin/Library/CloudStorage/OneDrive-AshesiUniversity/ASHESI/3RD YEAR/SEM 1/Web Technologies/labs/lab 5/vendor/phpoption/phpoption/composer.json -> /public_html/lab/vendor/phpoption/phpoption/composer.json
2024-11-10 00:20:05,695 - INFO - Uploaded: /Users/kelvin/Library/CloudStorage/OneDrive-AshesiUniversity/ASHESI/3RD YEAR/SEM 1/Web Technologies/labs/lab 5/vendor/phpoption/phpoption/src/PhpOption/LazyOption.php -> /public_html/lab/vendor/phpoption/phpoption/src/PhpOption/LazyOption.php
2024-11-10 00:20:05,889 - INFO - Uploaded: /Users/kelvin/Library/CloudStorage/OneDrive-AshesiUniversity/ASHESI/3RD YEAR/SEM 1/Web Technologies/labs/lab 5/vendor/phpoption/phpoption/src/PhpOption/Option.php -> /public_html/lab/vendor/phpoption/phpoption/src/PhpOption/Option.php
2024-11-10 00:20:06,042 - INFO - Uploaded: /Users/kelvin/Library/CloudStorage/OneDrive-AshesiUniversity/ASHESI/3RD YEAR/SEM 1/Web Technologies/labs/lab 5/vendor/phpoption/phpoption/src/PhpOption/Some.php -> /public_html/lab/vendor/phpoption/phpoption/src/PhpOption/Some.php
2024-11-10 00:20:06,179 - INFO - Uploaded: /Users/kelvin/Library/CloudStorage/OneDrive-AshesiUniversity/ASHESI/3RD YEAR/SEM 1/Web Technologies/labs/lab 5/vendor/phpoption/phpoption/src/PhpOption/None.php -> /public_html/lab/vendor/phpoption/phpoption/src/PhpOption/None.php
2024-11-10 00:20:06,342 - INFO - Uploaded: /Users/kelvin/Library/CloudStorage/OneDrive-AshesiUniversity/ASHESI/3RD YEAR/SEM 1/Web Technologies/labs/lab 5/vendor/composer/autoload_namespaces.php -> /public_html/lab/vendor/composer/autoload_namespaces.php
2024-11-10 00:20:06,488 - INFO - Uploaded: /Users/kelvin/Library/CloudStorage/OneDrive-AshesiUniversity/ASHESI/3RD YEAR/SEM 1/Web Technologies/labs/lab 5/vendor/composer/LICENSE -> /public_html/lab/vendor/composer/LICENSE
2024-11-10 00:20:06,668 - INFO - Uploaded: /Users/kelvin/Library/CloudStorage/OneDrive-AshesiUniversity/ASHESI/3RD YEAR/SEM 1/Web Technologies/labs/lab 5/vendor/composer/ClassLoader.php -> /public_html/lab/vendor/composer/ClassLoader.php
2024-11-10 00:20:06,841 - INFO - Uploaded: /Users/kelvin/Library/CloudStorage/OneDrive-AshesiUniversity/ASHESI/3RD YEAR/SEM 1/Web Technologies/labs/lab 5/vendor/composer/autoload_psr4.php -> /public_html/lab/vendor/composer/autoload_psr4.php
2024-11-10 00:20:07,061 - INFO - Uploaded: /Users/kelvin/Library/CloudStorage/OneDrive-AshesiUniversity/ASHESI/3RD YEAR/SEM 1/Web Technologies/labs/lab 5/vendor/composer/autoload_classmap.php -> /public_html/lab/vendor/composer/autoload_classmap.php
2024-11-10 00:20:07,213 - INFO - Uploaded: /Users/kelvin/Library/CloudStorage/OneDrive-AshesiUniversity/ASHESI/3RD YEAR/SEM 1/Web Technologies/labs/lab 5/vendor/composer/platform_check.php -> /public_html/lab/vendor/composer/platform_check.php
2024-11-10 00:20:07,454 - INFO - Uploaded: /Users/kelvin/Library/CloudStorage/OneDrive-AshesiUniversity/ASHESI/3RD YEAR/SEM 1/Web Technologies/labs/lab 5/vendor/composer/autoload_static.php -> /public_html/lab/vendor/composer/autoload_static.php
2024-11-10 00:20:07,685 - INFO - Uploaded: /Users/kelvin/Library/CloudStorage/OneDrive-AshesiUniversity/ASHESI/3RD YEAR/SEM 1/Web Technologies/labs/lab 5/vendor/composer/autoload_real.php -> /public_html/lab/vendor/composer/autoload_real.php
2024-11-10 00:20:07,926 - INFO - Uploaded: /Users/kelvin/Library/CloudStorage/OneDrive-AshesiUniversity/ASHESI/3RD YEAR/SEM 1/Web Technologies/labs/lab 5/vendor/composer/installed.json -> /public_html/lab/vendor/composer/installed.json
2024-11-10 00:20:08,144 - INFO - Uploaded: /Users/kelvin/Library/CloudStorage/OneDrive-AshesiUniversity/ASHESI/3RD YEAR/SEM 1/Web Technologies/labs/lab 5/vendor/composer/autoload_files.php -> /public_html/lab/vendor/composer/autoload_files.php
2024-11-10 00:20:08,413 - INFO - Uploaded: /Users/kelvin/Library/CloudStorage/OneDrive-AshesiUniversity/ASHESI/3RD YEAR/SEM 1/Web Technologies/labs/lab 5/vendor/composer/InstalledVersions.php -> /public_html/lab/vendor/composer/InstalledVersions.php
2024-11-10 00:20:08,559 - INFO - Uploaded: /Users/kelvin/Library/CloudStorage/OneDrive-AshesiUniversity/ASHESI/3RD YEAR/SEM 1/Web Technologies/labs/lab 5/vendor/composer/installed.php -> /public_html/lab/vendor/composer/installed.php
2024-11-10 00:20:08,769 - INFO - Uploaded: /Users/kelvin/Library/CloudStorage/OneDrive-AshesiUniversity/ASHESI/3RD YEAR/SEM 1/Web Technologies/labs/lab 5/vendor/symfony/polyfill-php80/PhpToken.php -> /public_html/lab/vendor/symfony/polyfill-php80/PhpToken.php
2024-11-10 00:20:08,936 - INFO - Uploaded: /Users/kelvin/Library/CloudStorage/OneDrive-AshesiUniversity/ASHESI/3RD YEAR/SEM 1/Web Technologies/labs/lab 5/vendor/symfony/polyfill-php80/LICENSE -> /public_html/lab/vendor/symfony/polyfill-php80/LICENSE
2024-11-10 00:20:09,091 - INFO - Uploaded: /Users/kelvin/Library/CloudStorage/OneDrive-AshesiUniversity/ASHESI/3RD YEAR/SEM 1/Web Technologies/labs/lab 5/vendor/symfony/polyfill-php80/bootstrap.php -> /public_html/lab/vendor/symfony/polyfill-php80/bootstrap.php
2024-11-10 00:20:09,233 - INFO - Uploaded: /Users/kelvin/Library/CloudStorage/OneDrive-AshesiUniversity/ASHESI/3RD YEAR/SEM 1/Web Technologies/labs/lab 5/vendor/symfony/polyfill-php80/README.md -> /public_html/lab/vendor/symfony/polyfill-php80/README.md
2024-11-10 00:20:09,407 - INFO - Uploaded: /Users/kelvin/Library/CloudStorage/OneDrive-AshesiUniversity/ASHESI/3RD YEAR/SEM 1/Web Technologies/labs/lab 5/vendor/symfony/polyfill-php80/Php80.php -> /public_html/lab/vendor/symfony/polyfill-php80/Php80.php
2024-11-10 00:20:09,555 - INFO - Uploaded: /Users/kelvin/Library/CloudStorage/OneDrive-AshesiUniversity/ASHESI/3RD YEAR/SEM 1/Web Technologies/labs/lab 5/vendor/symfony/polyfill-php80/composer.json -> /public_html/lab/vendor/symfony/polyfill-php80/composer.json
2024-11-10 00:20:09,703 - INFO - Uploaded: /Users/kelvin/Library/CloudStorage/OneDrive-AshesiUniversity/ASHESI/3RD YEAR/SEM 1/Web Technologies/labs/lab 5/vendor/symfony/polyfill-php80/Resources/stubs/PhpToken.php -> /public_html/lab/vendor/symfony/polyfill-php80/Resources/stubs/PhpToken.php
2024-11-10 00:20:09,844 - INFO - Uploaded: /Users/kelvin/Library/CloudStorage/OneDrive-AshesiUniversity/ASHESI/3RD YEAR/SEM 1/Web Technologies/labs/lab 5/vendor/symfony/polyfill-php80/Resources/stubs/ValueError.php -> /public_html/lab/vendor/symfony/polyfill-php80/Resources/stubs/ValueError.php
2024-11-10 00:20:10,218 - INFO - Uploaded: /Users/kelvin/Library/CloudStorage/OneDrive-AshesiUniversity/ASHESI/3RD YEAR/SEM 1/Web Technologies/labs/lab 5/vendor/symfony/polyfill-php80/Resources/stubs/Attribute.php -> /public_html/lab/vendor/symfony/polyfill-php80/Resources/stubs/Attribute.php
2024-11-10 00:20:10,597 - INFO - Uploaded: /Users/kelvin/Library/CloudStorage/OneDrive-AshesiUniversity/ASHESI/3RD YEAR/SEM 1/Web Technologies/labs/lab 5/vendor/symfony/polyfill-php80/Resources/stubs/UnhandledMatchError.php -> /public_html/lab/vendor/symfony/polyfill-php80/Resources/stubs/UnhandledMatchError.php
2024-11-10 00:20:10,753 - INFO - Uploaded: /Users/kelvin/Library/CloudStorage/OneDrive-AshesiUniversity/ASHESI/3RD YEAR/SEM 1/Web Technologies/labs/lab 5/vendor/symfony/polyfill-php80/Resources/stubs/Stringable.php -> /public_html/lab/vendor/symfony/polyfill-php80/Resources/stubs/Stringable.php
2024-11-10 00:20:10,881 - INFO - Uploaded: /Users/kelvin/Library/CloudStorage/OneDrive-AshesiUniversity/ASHESI/3RD YEAR/SEM 1/Web Technologies/labs/lab 5/vendor/symfony/polyfill-ctype/bootstrap80.php -> /public_html/lab/vendor/symfony/polyfill-ctype/bootstrap80.php
2024-11-10 00:20:11,063 - INFO - Uploaded: /Users/kelvin/Library/CloudStorage/OneDrive-AshesiUniversity/ASHESI/3RD YEAR/SEM 1/Web Technologies/labs/lab 5/vendor/symfony/polyfill-ctype/LICENSE -> /public_html/lab/vendor/symfony/polyfill-ctype/LICENSE
2024-11-10 00:20:11,199 - INFO - Uploaded: /Users/kelvin/Library/CloudStorage/OneDrive-AshesiUniversity/ASHESI/3RD YEAR/SEM 1/Web Technologies/labs/lab 5/vendor/symfony/polyfill-ctype/bootstrap.php -> /public_html/lab/vendor/symfony/polyfill-ctype/bootstrap.php
2024-11-10 00:20:11,370 - INFO - Uploaded: /Users/kelvin/Library/CloudStorage/OneDrive-AshesiUniversity/ASHESI/3RD YEAR/SEM 1/Web Technologies/labs/lab 5/vendor/symfony/polyfill-ctype/README.md -> /public_html/lab/vendor/symfony/polyfill-ctype/README.md
2024-11-10 00:20:11,524 - INFO - Uploaded: /Users/kelvin/Library/CloudStorage/OneDrive-AshesiUniversity/ASHESI/3RD YEAR/SEM 1/Web Technologies/labs/lab 5/vendor/symfony/polyfill-ctype/Ctype.php -> /public_html/lab/vendor/symfony/polyfill-ctype/Ctype.php
2024-11-10 00:20:11,684 - INFO - Uploaded: /Users/kelvin/Library/CloudStorage/OneDrive-AshesiUniversity/ASHESI/3RD YEAR/SEM 1/Web Technologies/labs/lab 5/vendor/symfony/polyfill-ctype/composer.json -> /public_html/lab/vendor/symfony/polyfill-ctype/composer.json
2024-11-10 00:20:11,828 - INFO - Uploaded: /Users/kelvin/Library/CloudStorage/OneDrive-AshesiUniversity/ASHESI/3RD YEAR/SEM 1/Web Technologies/labs/lab 5/vendor/symfony/polyfill-mbstring/bootstrap80.php -> /public_html/lab/vendor/symfony/polyfill-mbstring/bootstrap80.php
2024-11-10 00:20:11,988 - INFO - Uploaded: /Users/kelvin/Library/CloudStorage/OneDrive-AshesiUniversity/ASHESI/3RD YEAR/SEM 1/Web Technologies/labs/lab 5/vendor/symfony/polyfill-mbstring/LICENSE -> /public_html/lab/vendor/symfony/polyfill-mbstring/LICENSE
2024-11-10 00:20:12,193 - INFO - Uploaded: /Users/kelvin/Library/CloudStorage/OneDrive-AshesiUniversity/ASHESI/3RD YEAR/SEM 1/Web Technologies/labs/lab 5/vendor/symfony/polyfill-mbstring/Mbstring.php -> /public_html/lab/vendor/symfony/polyfill-mbstring/Mbstring.php
2024-11-10 00:20:12,353 - INFO - Uploaded: /Users/kelvin/Library/CloudStorage/OneDrive-AshesiUniversity/ASHESI/3RD YEAR/SEM 1/Web Technologies/labs/lab 5/vendor/symfony/polyfill-mbstring/bootstrap.php -> /public_html/lab/vendor/symfony/polyfill-mbstring/bootstrap.php
2024-11-10 00:20:12,504 - INFO - Uploaded: /Users/kelvin/Library/CloudStorage/OneDrive-AshesiUniversity/ASHESI/3RD YEAR/SEM 1/Web Technologies/labs/lab 5/vendor/symfony/polyfill-mbstring/README.md -> /public_html/lab/vendor/symfony/polyfill-mbstring/README.md
2024-11-10 00:20:12,720 - INFO - Uploaded: /Users/kelvin/Library/CloudStorage/OneDrive-AshesiUniversity/ASHESI/3RD YEAR/SEM 1/Web Technologies/labs/lab 5/vendor/symfony/polyfill-mbstring/composer.json -> /public_html/lab/vendor/symfony/polyfill-mbstring/composer.json
2024-11-10 00:20:12,888 - INFO - Uploaded: /Users/kelvin/Library/CloudStorage/OneDrive-AshesiUniversity/ASHESI/3RD YEAR/SEM 1/Web Technologies/labs/lab 5/vendor/symfony/polyfill-mbstring/Resources/unidata/caseFolding.php -> /public_html/lab/vendor/symfony/polyfill-mbstring/Resources/unidata/caseFolding.php
2024-11-10 00:20:13,082 - INFO - Uploaded: /Users/kelvin/Library/CloudStorage/OneDrive-AshesiUniversity/ASHESI/3RD YEAR/SEM 1/Web Technologies/labs/lab 5/vendor/symfony/polyfill-mbstring/Resources/unidata/lowerCase.php -> /public_html/lab/vendor/symfony/polyfill-mbstring/Resources/unidata/lowerCase.php
2024-11-10 00:20:13,218 - INFO - Uploaded: /Users/kelvin/Library/CloudStorage/OneDrive-AshesiUniversity/ASHESI/3RD YEAR/SEM 1/Web Technologies/labs/lab 5/vendor/symfony/polyfill-mbstring/Resources/unidata/titleCaseRegexp.php -> /public_html/lab/vendor/symfony/polyfill-mbstring/Resources/unidata/titleCaseRegexp.php
2024-11-10 00:20:13,631 - INFO - Uploaded: /Users/kelvin/Library/CloudStorage/OneDrive-AshesiUniversity/ASHESI/3RD YEAR/SEM 1/Web Technologies/labs/lab 5/vendor/symfony/polyfill-mbstring/Resources/unidata/upperCase.php -> /public_html/lab/vendor/symfony/polyfill-mbstring/Resources/unidata/upperCase.php
2024-11-10 00:20:13,779 - INFO - Uploaded: /Users/kelvin/Library/CloudStorage/OneDrive-AshesiUniversity/ASHESI/3RD YEAR/SEM 1/Web Technologies/labs/lab 5/vendor/vlucas/phpdotenv/LICENSE -> /public_html/lab/vendor/vlucas/phpdotenv/LICENSE
2024-11-10 00:20:13,979 - INFO - Uploaded: /Users/kelvin/Library/CloudStorage/OneDrive-AshesiUniversity/ASHESI/3RD YEAR/SEM 1/Web Technologies/labs/lab 5/vendor/vlucas/phpdotenv/composer.json -> /public_html/lab/vendor/vlucas/phpdotenv/composer.json
2024-11-10 00:20:14,144 - INFO - Uploaded: /Users/kelvin/Library/CloudStorage/OneDrive-AshesiUniversity/ASHESI/3RD YEAR/SEM 1/Web Technologies/labs/lab 5/vendor/vlucas/phpdotenv/src/Validator.php -> /public_html/lab/vendor/vlucas/phpdotenv/src/Validator.php
2024-11-10 00:20:14,331 - INFO - Uploaded: /Users/kelvin/Library/CloudStorage/OneDrive-AshesiUniversity/ASHESI/3RD YEAR/SEM 1/Web Technologies/labs/lab 5/vendor/vlucas/phpdotenv/src/Dotenv.php -> /public_html/lab/vendor/vlucas/phpdotenv/src/Dotenv.php
2024-11-10 00:20:14,525 - INFO - Uploaded: /Users/kelvin/Library/CloudStorage/OneDrive-AshesiUniversity/ASHESI/3RD YEAR/SEM 1/Web Technologies/labs/lab 5/vendor/vlucas/phpdotenv/src/Repository/RepositoryInterface.php -> /public_html/lab/vendor/vlucas/phpdotenv/src/Repository/RepositoryInterface.php
2024-11-10 00:20:14,697 - INFO - Uploaded: /Users/kelvin/Library/CloudStorage/OneDrive-AshesiUniversity/ASHESI/3RD YEAR/SEM 1/Web Technologies/labs/lab 5/vendor/vlucas/phpdotenv/src/Repository/RepositoryBuilder.php -> /public_html/lab/vendor/vlucas/phpdotenv/src/Repository/RepositoryBuilder.php
2024-11-10 00:20:14,853 - INFO - Uploaded: /Users/kelvin/Library/CloudStorage/OneDrive-AshesiUniversity/ASHESI/3RD YEAR/SEM 1/Web Technologies/labs/lab 5/vendor/vlucas/phpdotenv/src/Repository/AdapterRepository.php -> /public_html/lab/vendor/vlucas/phpdotenv/src/Repository/AdapterRepository.php
2024-11-10 00:20:15,018 - INFO - Uploaded: /Users/kelvin/Library/CloudStorage/OneDrive-AshesiUniversity/ASHESI/3RD YEAR/SEM 1/Web Technologies/labs/lab 5/vendor/vlucas/phpdotenv/src/Repository/Adapter/PutenvAdapter.php -> /public_html/lab/vendor/vlucas/phpdotenv/src/Repository/Adapter/PutenvAdapter.php
2024-11-10 00:20:15,192 - INFO - Uploaded: /Users/kelvin/Library/CloudStorage/OneDrive-AshesiUniversity/ASHESI/3RD YEAR/SEM 1/Web Technologies/labs/lab 5/vendor/vlucas/phpdotenv/src/Repository/Adapter/MultiWriter.php -> /public_html/lab/vendor/vlucas/phpdotenv/src/Repository/Adapter/MultiWriter.php
2024-11-10 00:20:15,368 - INFO - Uploaded: /Users/kelvin/Library/CloudStorage/OneDrive-AshesiUniversity/ASHESI/3RD YEAR/SEM 1/Web Technologies/labs/lab 5/vendor/vlucas/phpdotenv/src/Repository/Adapter/ArrayAdapter.php -> /public_html/lab/vendor/vlucas/phpdotenv/src/Repository/Adapter/ArrayAdapter.php
2024-11-10 00:20:15,508 - INFO - Uploaded: /Users/kelvin/Library/CloudStorage/OneDrive-AshesiUniversity/ASHESI/3RD YEAR/SEM 1/Web Technologies/labs/lab 5/vendor/vlucas/phpdotenv/src/Repository/Adapter/EnvConstAdapter.php -> /public_html/lab/vendor/vlucas/phpdotenv/src/Repository/Adapter/EnvConstAdapter.php
2024-11-10 00:20:15,667 - INFO - Uploaded: /Users/kelvin/Library/CloudStorage/OneDrive-AshesiUniversity/ASHESI/3RD YEAR/SEM 1/Web Technologies/labs/lab 5/vendor/vlucas/phpdotenv/src/Repository/Adapter/ReaderInterface.php -> /public_html/lab/vendor/vlucas/phpdotenv/src/Repository/Adapter/ReaderInterface.php
2024-11-10 00:20:15,815 - INFO - Uploaded: /Users/kelvin/Library/CloudStorage/OneDrive-AshesiUniversity/ASHESI/3RD YEAR/SEM 1/Web Technologies/labs/lab 5/vendor/vlucas/phpdotenv/src/Repository/Adapter/MultiReader.php -> /public_html/lab/vendor/vlucas/phpdotenv/src/Repository/Adapter/MultiReader.php
2024-11-10 00:20:15,956 - INFO - Uploaded: /Users/kelvin/Library/CloudStorage/OneDrive-AshesiUniversity/ASHESI/3RD YEAR/SEM 1/Web Technologies/labs/lab 5/vendor/vlucas/phpdotenv/src/Repository/Adapter/WriterInterface.php -> /public_html/lab/vendor/vlucas/phpdotenv/src/Repository/Adapter/WriterInterface.php
2024-11-10 00:20:16,089 - INFO - Uploaded: /Users/kelvin/Library/CloudStorage/OneDrive-AshesiUniversity/ASHESI/3RD YEAR/SEM 1/Web Technologies/labs/lab 5/vendor/vlucas/phpdotenv/src/Repository/Adapter/ReplacingWriter.php -> /public_html/lab/vendor/vlucas/phpdotenv/src/Repository/Adapter/ReplacingWriter.php
2024-11-10 00:20:16,219 - INFO - Uploaded: /Users/kelvin/Library/CloudStorage/OneDrive-AshesiUniversity/ASHESI/3RD YEAR/SEM 1/Web Technologies/labs/lab 5/vendor/vlucas/phpdotenv/src/Repository/Adapter/AdapterInterface.php -> /public_html/lab/vendor/vlucas/phpdotenv/src/Repository/Adapter/AdapterInterface.php
2024-11-10 00:20:16,377 - INFO - Uploaded: /Users/kelvin/Library/CloudStorage/OneDrive-AshesiUniversity/ASHESI/3RD YEAR/SEM 1/Web Technologies/labs/lab 5/vendor/vlucas/phpdotenv/src/Repository/Adapter/ApacheAdapter.php -> /public_html/lab/vendor/vlucas/phpdotenv/src/Repository/Adapter/ApacheAdapter.php
2024-11-10 00:20:16,537 - INFO - Uploaded: /Users/kelvin/Library/CloudStorage/OneDrive-AshesiUniversity/ASHESI/3RD YEAR/SEM 1/Web Technologies/labs/lab 5/vendor/vlucas/phpdotenv/src/Repository/Adapter/ServerConstAdapter.php -> /public_html/lab/vendor/vlucas/phpdotenv/src/Repository/Adapter/ServerConstAdapter.php
2024-11-10 00:20:16,703 - INFO - Uploaded: /Users/kelvin/Library/CloudStorage/OneDrive-AshesiUniversity/ASHESI/3RD YEAR/SEM 1/Web Technologies/labs/lab 5/vendor/vlucas/phpdotenv/src/Repository/Adapter/GuardedWriter.php -> /public_html/lab/vendor/vlucas/phpdotenv/src/Repository/Adapter/GuardedWriter.php
2024-11-10 00:20:16,871 - INFO - Uploaded: /Users/kelvin/Library/CloudStorage/OneDrive-AshesiUniversity/ASHESI/3RD YEAR/SEM 1/Web Technologies/labs/lab 5/vendor/vlucas/phpdotenv/src/Repository/Adapter/ImmutableWriter.php -> /public_html/lab/vendor/vlucas/phpdotenv/src/Repository/Adapter/ImmutableWriter.php
2024-11-10 00:20:17,036 - INFO - Uploaded: /Users/kelvin/Library/CloudStorage/OneDrive-AshesiUniversity/ASHESI/3RD YEAR/SEM 1/Web Technologies/labs/lab 5/vendor/vlucas/phpdotenv/src/Util/Regex.php -> /public_html/lab/vendor/vlucas/phpdotenv/src/Util/Regex.php
2024-11-10 00:20:17,190 - INFO - Uploaded: /Users/kelvin/Library/CloudStorage/OneDrive-AshesiUniversity/ASHESI/3RD YEAR/SEM 1/Web Technologies/labs/lab 5/vendor/vlucas/phpdotenv/src/Util/Str.php -> /public_html/lab/vendor/vlucas/phpdotenv/src/Util/Str.php
2024-11-10 00:20:17,357 - INFO - Uploaded: /Users/kelvin/Library/CloudStorage/OneDrive-AshesiUniversity/ASHESI/3RD YEAR/SEM 1/Web Technologies/labs/lab 5/vendor/vlucas/phpdotenv/src/Parser/Lines.php -> /public_html/lab/vendor/vlucas/phpdotenv/src/Parser/Lines.php
2024-11-10 00:20:17,511 - INFO - Uploaded: /Users/kelvin/Library/CloudStorage/OneDrive-AshesiUniversity/ASHESI/3RD YEAR/SEM 1/Web Technologies/labs/lab 5/vendor/vlucas/phpdotenv/src/Parser/Parser.php -> /public_html/lab/vendor/vlucas/phpdotenv/src/Parser/Parser.php
2024-11-10 00:20:17,655 - INFO - Uploaded: /Users/kelvin/Library/CloudStorage/OneDrive-AshesiUniversity/ASHESI/3RD YEAR/SEM 1/Web Technologies/labs/lab 5/vendor/vlucas/phpdotenv/src/Parser/Value.php -> /public_html/lab/vendor/vlucas/phpdotenv/src/Parser/Value.php
2024-11-10 00:20:17,798 - INFO - Uploaded: /Users/kelvin/Library/CloudStorage/OneDrive-AshesiUniversity/ASHESI/3RD YEAR/SEM 1/Web Technologies/labs/lab 5/vendor/vlucas/phpdotenv/src/Parser/Entry.php -> /public_html/lab/vendor/vlucas/phpdotenv/src/Parser/Entry.php
2024-11-10 00:20:17,942 - INFO - Uploaded: /Users/kelvin/Library/CloudStorage/OneDrive-AshesiUniversity/ASHESI/3RD YEAR/SEM 1/Web Technologies/labs/lab 5/vendor/vlucas/phpdotenv/src/Parser/EntryParser.php -> /public_html/lab/vendor/vlucas/phpdotenv/src/Parser/EntryParser.php
2024-11-10 00:20:18,099 - INFO - Uploaded: /Users/kelvin/Library/CloudStorage/OneDrive-AshesiUniversity/ASHESI/3RD YEAR/SEM 1/Web Technologies/labs/lab 5/vendor/vlucas/phpdotenv/src/Parser/ParserInterface.php -> /public_html/lab/vendor/vlucas/phpdotenv/src/Parser/ParserInterface.php
2024-11-10 00:20:18,282 - INFO - Uploaded: /Users/kelvin/Library/CloudStorage/OneDrive-AshesiUniversity/ASHESI/3RD YEAR/SEM 1/Web Technologies/labs/lab 5/vendor/vlucas/phpdotenv/src/Parser/Lexer.php -> /public_html/lab/vendor/vlucas/phpdotenv/src/Parser/Lexer.php
2024-11-10 00:20:18,436 - INFO - Uploaded: /Users/kelvin/Library/CloudStorage/OneDrive-AshesiUniversity/ASHESI/3RD YEAR/SEM 1/Web Technologies/labs/lab 5/vendor/vlucas/phpdotenv/src/Loader/Loader.php -> /public_html/lab/vendor/vlucas/phpdotenv/src/Loader/Loader.php
2024-11-10 00:20:18,597 - INFO - Uploaded: /Users/kelvin/Library/CloudStorage/OneDrive-AshesiUniversity/ASHESI/3RD YEAR/SEM 1/Web Technologies/labs/lab 5/vendor/vlucas/phpdotenv/src/Loader/Resolver.php -> /public_html/lab/vendor/vlucas/phpdotenv/src/Loader/Resolver.php
2024-11-10 00:20:18,740 - INFO - Uploaded: /Users/kelvin/Library/CloudStorage/OneDrive-AshesiUniversity/ASHESI/3RD YEAR/SEM 1/Web Technologies/labs/lab 5/vendor/vlucas/phpdotenv/src/Loader/LoaderInterface.php -> /public_html/lab/vendor/vlucas/phpdotenv/src/Loader/LoaderInterface.php
2024-11-10 00:20:18,882 - INFO - Uploaded: /Users/kelvin/Library/CloudStorage/OneDrive-AshesiUniversity/ASHESI/3RD YEAR/SEM 1/Web Technologies/labs/lab 5/vendor/vlucas/phpdotenv/src/Exception/InvalidPathException.php -> /public_html/lab/vendor/vlucas/phpdotenv/src/Exception/InvalidPathException.php
2024-11-10 00:20:19,040 - INFO - Uploaded: /Users/kelvin/Library/CloudStorage/OneDrive-AshesiUniversity/ASHESI/3RD YEAR/SEM 1/Web Technologies/labs/lab 5/vendor/vlucas/phpdotenv/src/Exception/InvalidEncodingException.php -> /public_html/lab/vendor/vlucas/phpdotenv/src/Exception/InvalidEncodingException.php
2024-11-10 00:20:19,203 - INFO - Uploaded: /Users/kelvin/Library/CloudStorage/OneDrive-AshesiUniversity/ASHESI/3RD YEAR/SEM 1/Web Technologies/labs/lab 5/vendor/vlucas/phpdotenv/src/Exception/ExceptionInterface.php -> /public_html/lab/vendor/vlucas/phpdotenv/src/Exception/ExceptionInterface.php
2024-11-10 00:20:19,362 - INFO - Uploaded: /Users/kelvin/Library/CloudStorage/OneDrive-AshesiUniversity/ASHESI/3RD YEAR/SEM 1/Web Technologies/labs/lab 5/vendor/vlucas/phpdotenv/src/Exception/ValidationException.php -> /public_html/lab/vendor/vlucas/phpdotenv/src/Exception/ValidationException.php
2024-11-10 00:20:19,506 - INFO - Uploaded: /Users/kelvin/Library/CloudStorage/OneDrive-AshesiUniversity/ASHESI/3RD YEAR/SEM 1/Web Technologies/labs/lab 5/vendor/vlucas/phpdotenv/src/Exception/InvalidFileException.php -> /public_html/lab/vendor/vlucas/phpdotenv/src/Exception/InvalidFileException.php
2024-11-10 00:20:19,729 - INFO - Uploaded: /Users/kelvin/Library/CloudStorage/OneDrive-AshesiUniversity/ASHESI/3RD YEAR/SEM 1/Web Technologies/labs/lab 5/vendor/vlucas/phpdotenv/src/Store/StoreBuilder.php -> /public_html/lab/vendor/vlucas/phpdotenv/src/Store/StoreBuilder.php
2024-11-10 00:20:19,936 - INFO - Uploaded: /Users/kelvin/Library/CloudStorage/OneDrive-AshesiUniversity/ASHESI/3RD YEAR/SEM 1/Web Technologies/labs/lab 5/vendor/vlucas/phpdotenv/src/Store/StringStore.php -> /public_html/lab/vendor/vlucas/phpdotenv/src/Store/StringStore.php
2024-11-10 00:20:20,105 - INFO - Uploaded: /Users/kelvin/Library/CloudStorage/OneDrive-AshesiUniversity/ASHESI/3RD YEAR/SEM 1/Web Technologies/labs/lab 5/vendor/vlucas/phpdotenv/src/Store/FileStore.php -> /public_html/lab/vendor/vlucas/phpdotenv/src/Store/FileStore.php
2024-11-10 00:20:20,291 - INFO - Uploaded: /Users/kelvin/Library/CloudStorage/OneDrive-AshesiUniversity/ASHESI/3RD YEAR/SEM 1/Web Technologies/labs/lab 5/vendor/vlucas/phpdotenv/src/Store/StoreInterface.php -> /public_html/lab/vendor/vlucas/phpdotenv/src/Store/StoreInterface.php
2024-11-10 00:20:20,450 - INFO - Uploaded: /Users/kelvin/Library/CloudStorage/OneDrive-AshesiUniversity/ASHESI/3RD YEAR/SEM 1/Web Technologies/labs/lab 5/vendor/vlucas/phpdotenv/src/Store/File/Paths.php -> /public_html/lab/vendor/vlucas/phpdotenv/src/Store/File/Paths.php
2024-11-10 00:20:20,612 - INFO - Uploaded: /Users/kelvin/Library/CloudStorage/OneDrive-AshesiUniversity/ASHESI/3RD YEAR/SEM 1/Web Technologies/labs/lab 5/vendor/vlucas/phpdotenv/src/Store/File/Reader.php -> /public_html/lab/vendor/vlucas/phpdotenv/src/Store/File/Reader.php
2024-11-10 00:20:20,773 - INFO - Uploaded: /Users/kelvin/Library/CloudStorage/OneDrive-AshesiUniversity/ASHESI/3RD YEAR/SEM 1/Web Technologies/labs/lab 5/vendor/graham-campbell/result-type/LICENSE -> /public_html/lab/vendor/graham-campbell/result-type/LICENSE
2024-11-10 00:20:20,956 - INFO - Uploaded: /Users/kelvin/Library/CloudStorage/OneDrive-AshesiUniversity/ASHESI/3RD YEAR/SEM 1/Web Technologies/labs/lab 5/vendor/graham-campbell/result-type/composer.json -> /public_html/lab/vendor/graham-campbell/result-type/composer.json
2024-11-10 00:20:21,114 - INFO - Uploaded: /Users/kelvin/Library/CloudStorage/OneDrive-AshesiUniversity/ASHESI/3RD YEAR/SEM 1/Web Technologies/labs/lab 5/vendor/graham-campbell/result-type/src/Result.php -> /public_html/lab/vendor/graham-campbell/result-type/src/Result.php
2024-11-10 00:20:21,291 - INFO - Uploaded: /Users/kelvin/Library/CloudStorage/OneDrive-AshesiUniversity/ASHESI/3RD YEAR/SEM 1/Web Technologies/labs/lab 5/vendor/graham-campbell/result-type/src/Error.php -> /public_html/lab/vendor/graham-campbell/result-type/src/Error.php
2024-11-10 00:20:21,471 - INFO - Uploaded: /Users/kelvin/Library/CloudStorage/OneDrive-AshesiUniversity/ASHESI/3RD YEAR/SEM 1/Web Technologies/labs/lab 5/vendor/graham-campbell/result-type/src/Success.php -> /public_html/lab/vendor/graham-campbell/result-type/src/Success.php
2024-11-10 00:21:15,423 - INFO - Change detected: /Users/kelvin/Library/CloudStorage/OneDrive-AshesiUniversity/ASHESI/3RD YEAR/SEM 1/Web Technologies/labs/lab 5/odd.html
2024-11-10 00:21:16,310 - INFO - Uploaded: /Users/kelvin/Library/CloudStorage/OneDrive-AshesiUniversity/ASHESI/3RD YEAR/SEM 1/Web Technologies/labs/lab 5/odd.html -> /public_html/lab/odd.html
2024-11-10 00:21:16,360 - INFO - Change detected: /Users/kelvin/Library/CloudStorage/OneDrive-AshesiUniversity/ASHESI/3RD YEAR/SEM 1/Web Technologies/labs/lab 5/odd.html
2024-11-10 00:21:16,644 - INFO - Uploaded: /Users/kelvin/Library/CloudStorage/OneDrive-AshesiUniversity/ASHESI/3RD YEAR/SEM 1/Web Technologies/labs/lab 5/odd.html -> /public_html/lab/odd.html
